<?xml version="1.0" encoding="UTF-8"?>
<!-- Generated by org.testng.reporters.JUnitReportReporter -->
<testsuite hostname="Salenium-07" failures="0" tests="1" name="com.Spree.Create_an_Address_Using_BaseClass" time="10.349" errors="0" timestamp="2022-10-12T09:58:17 GMT-04:00" skipped="0">
  <testcase classname="com.Spree.Create_an_Address_Using_BaseClass" name="POST_Create_Address" time="10.349"/>
  <system-out/>
</testsuite> <!-- com.Spree.Create_an_Address_Using_BaseClass -->
