<?xml version="1.0" encoding="UTF-8"?>
<!-- Generated by org.testng.reporters.JUnitReportReporter -->
<testsuite hostname="Salenium-07" failures="0" tests="2" name="com.Spree.Create_Update_Address" time="2.470" errors="0" timestamp="2022-10-12T09:20:13 GMT-04:00" skipped="0">
  <testcase classname="com.Spree.Create_Update_Address" name="POST_Create_Address" time="1.560"/>
  <system-out/>
  <testcase classname="com.Spree.Create_Update_Address" name="POST_Update_Address" time="0.910"/>
  <system-out/>
</testsuite> <!-- com.Spree.Create_Update_Address -->
