<?xml version="1.0" encoding="UTF-8"?>
<!-- Generated by org.testng.reporters.JUnitReportReporter -->
<testsuite hostname="Salenium-07" failures="0" tests="1" name="com.Spree.Retieve_Default_Country_Using_JSONPath" time="7.862" errors="0" timestamp="2022-10-11T13:59:12 GMT-04:00" skipped="0">
  <testcase classname="com.Spree.Retieve_Default_Country_Using_JSONPath" name="Retieve_Default_Country" time="7.862"/>
  <system-out/>
</testsuite> <!-- com.Spree.Retieve_Default_Country_Using_JSONPath -->
