<?xml version="1.0" encoding="UTF-8"?>
<!-- Generated by org.testng.reporters.JUnitReportReporter -->
<testsuite hostname="Salenium-07" failures="0" tests="1" name="com.Spree.Create_an_Address" time="1.621" errors="0" timestamp="2022-10-11T14:44:59 GMT-04:00" skipped="0">
  <testcase classname="com.Spree.Create_an_Address" name="POST_Create_Address" time="1.621"/>
  <system-out/>
</testsuite> <!-- com.Spree.Create_an_Address -->
