<?xml version="1.0" encoding="UTF-8"?>
<!-- Generated by org.testng.reporters.JUnitReportReporter -->
<testsuite hostname="Salenium-07" failures="0" tests="1" name="com.Spree.Get_Default_Country" time="7.815" errors="0" timestamp="2022-10-11T12:16:38 GMT-04:00" skipped="0">
  <testcase classname="com.Spree.Get_Default_Country" name="GET_Get_Default_Country" time="7.815"/>
  <system-out/>
</testsuite> <!-- com.Spree.Get_Default_Country -->
