<?xml version="1.0" encoding="UTF-8"?>
<!-- Generated by org.testng.reporters.JUnitReportReporter -->
<testsuite hostname="Salenium-07" failures="0" tests="1" name="com.Spree.Get_Default_Country_Using_JSONPath" time="11.877" errors="0" timestamp="2022-10-11T12:28:34 GMT-04:00" skipped="0">
  <testcase classname="com.Spree.Get_Default_Country_Using_JSONPath" name="Get_Default_Country" time="11.877"/>
  <system-out/>
</testsuite> <!-- com.Spree.Get_Default_Country_Using_JSONPath -->
