<?xml version="1.0" encoding="UTF-8"?>
<!-- Generated by org.testng.reporters.JUnitReportReporter -->
<testsuite hostname="Salenium-07" failures="0" tests="3" name="com.Spree.Create_Delete_Address" time="3.378" errors="0" timestamp="2022-10-12T09:52:54 GMT-04:00" skipped="0">
  <testcase classname="com.Spree.Create_Delete_Address" name="POST_Create_Address" time="1.679"/>
  <system-out/>
  <testcase classname="com.Spree.Create_Delete_Address" name="POST_Update_Address" time="0.900"/>
  <system-out/>
  <testcase classname="com.Spree.Create_Delete_Address" name="POST_Delete_Address" time="0.799"/>
  <system-out/>
</testsuite> <!-- com.Spree.Create_Delete_Address -->
