<?xml version="1.0" encoding="UTF-8"?>
<!-- Generated by org.testng.reporters.JUnitReportReporter -->
<testsuite hostname="Salenium-07" failures="0" tests="2" name="com.Spree.Create_Update_Address_Using_BaseClass" time="11.504" errors="0" timestamp="2022-10-12T10:03:50 GMT-04:00" skipped="0">
  <testcase classname="com.Spree.Create_Update_Address_Using_BaseClass" name="POST_Create_Address" time="9.825"/>
  <system-out/>
  <testcase classname="com.Spree.Create_Update_Address_Using_BaseClass" name="POST_Update_Address" time="1.679"/>
  <system-out/>
</testsuite> <!-- com.Spree.Create_Update_Address_Using_BaseClass -->
