<?xml version="1.0" encoding="UTF-8"?>
<!-- Generated by org.testng.reporters.JUnitReportReporter -->
<testsuite hostname="Salenium-07" failures="0" tests="2" name="com.Spree.Create_Address_Using_API_Delete_Using_UI" time="48.069" errors="0" timestamp="2022-10-13T09:38:53 GMT-04:00" skipped="0">
  <testcase classname="com.Spree.Create_Address_Using_API_Delete_Using_UI" name="POST_Create_Address" time="15.364"/>
  <system-out/>
  <testcase classname="com.Spree.Create_Address_Using_API_Delete_Using_UI" name="login" time="32.705"/>
  <system-out/>
</testsuite> <!-- com.Spree.Create_Address_Using_API_Delete_Using_UI -->
