<?xml version="1.0" encoding="UTF-8"?>
<!-- Generated by org.testng.reporters.JUnitReportReporter -->
<testsuite hostname="Salenium-07" failures="0" tests="5" name="com.Spree.Retrieve_a_Country" time="17.676" errors="0" timestamp="2022-10-12T11:09:58 GMT-04:00" skipped="0">
  <testcase classname="com.Spree.Retrieve_a_Country" name="retrieve_Country" time="0.796"/>
  <system-out/>
  <testcase classname="com.Spree.Retrieve_a_Country" name="retrieve_Country" time="0.784"/>
  <system-out/>
  <testcase classname="com.Spree.Retrieve_a_Country" name="retrieve_Country" time="1.129"/>
  <system-out/>
  <testcase classname="com.Spree.Retrieve_a_Country" name="retrieve_Country" time="14.159"/>
  <system-out/>
  <testcase classname="com.Spree.Retrieve_a_Country" name="retrieve_Country" time="0.808"/>
  <system-out/>
</testsuite> <!-- com.Spree.Retrieve_a_Country -->
