<?xml version="1.0" encoding="UTF-8"?>
<!-- Generated by org.testng.reporters.JUnitReportReporter -->
<testsuite hostname="Salenium-07" failures="0" tests="4" name="com.Spree.Create_Account_Using_API_Login_the_Account_Using_UI" time="39.109" errors="0" timestamp="2022-10-14T09:45:22 GMT-04:00" skipped="0">
  <testcase classname="com.Spree.Create_Account_Using_API_Login_the_Account_Using_UI" name="createAccount" time="10.025"/>
  <system-out/>
  <testcase classname="com.Spree.Create_Account_Using_API_Login_the_Account_Using_UI" name="loginAccountusingUI" time="25.258"/>
  <system-out/>
  <testcase classname="com.Spree.Create_Account_Using_API_Login_the_Account_Using_UI" name="retrieveAccount" time="2.958"/>
  <system-out/>
  <testcase classname="com.Spree.Create_Account_Using_API_Login_the_Account_Using_UI" name="updateAccount" time="0.868"/>
  <system-out/>
</testsuite> <!-- com.Spree.Create_Account_Using_API_Login_the_Account_Using_UI -->
